<?xml version="1.0" encoding="UTF-8"?>
<!-- Generated by org.testng.reporters.JUnitReportReporter -->
<testsuite skipped="0" hostname="LAPTOP-B2P4GGJN" name="runner.CucumberTestRunner" tests="1" failures="0" timestamp="01 Feb 2023 15:19:12 GMT" time="7.139" errors="0">
  <testcase name="runScenario" time="7.139" classname="runner.CucumberTestRunner"/>
</testsuite> <!-- runner.CucumberTestRunner -->
